{"name":"uploadFile","status":"broken","statusDetails":{"known":false,"muted":false,"flaky":false,"message":"java.lang.reflect.InvocationTargetException\nBuild info: version: '3.141.59', revision: 'e82be7d358', time: '2018-11-14T08:17:03'\nSystem info: host: 'DESKTOP-O1333EE', ip: '10.0.0.251', os.name: 'Windows 10', os.arch: 'amd64', os.version: '10.0', java.version: '1.8.0_261'\nDriver info: driver.version: RemoteWebDriver","trace":"org.openqa.selenium.json.JsonException: java.lang.reflect.InvocationTargetException\nBuild info: version: '3.141.59', revision: 'e82be7d358', time: '2018-11-14T08:17:03'\nSystem info: host: 'DESKTOP-O1333EE', ip: '10.0.0.251', os.name: 'Windows 10', os.arch: 'amd64', os.version: '10.0', java.version: '1.8.0_261'\nDriver info: driver.version: RemoteWebDriver\r\n\tat org.openqa.selenium.json.JsonOutput.convertUsingMethod(JsonOutput.java:332)\r\n\tat org.openqa.selenium.json.JsonOutput.lambda$new$16(JsonOutput.java:155)\r\n\tat org.openqa.selenium.json.JsonOutput.write(JsonOutput.java:264)\r\n\tat org.openqa.selenium.json.JsonOutput.lambda$null$21(JsonOutput.java:168)\r\n\tat java.util.LinkedHashMap$LinkedValues.forEach(LinkedHashMap.java:608)\r\n\tat org.openqa.selenium.json.JsonOutput.lambda$new$22(JsonOutput.java:168)\r\n\tat org.openqa.selenium.json.JsonOutput.write(JsonOutput.java:264)\r\n\tat org.openqa.selenium.json.JsonOutput.lambda$null$23(JsonOutput.java:177)\r\n\tat com.google.common.collect.SingletonImmutableBiMap.forEach(SingletonImmutableBiMap.java:65)\r\n\tat org.openqa.selenium.json.JsonOutput.lambda$new$24(JsonOutput.java:176)\r\n\tat org.openqa.selenium.json.JsonOutput.write(JsonOutput.java:264)\r\n\tat org.openqa.selenium.json.JsonOutput.write(JsonOutput.java:255)\r\n\tat org.openqa.selenium.json.Json.toJson(Json.java:42)\r\n\tat org.openqa.selenium.remote.http.AbstractHttpCommandCodec.encode(AbstractHttpCommandCodec.java:227)\r\n\tat org.openqa.selenium.remote.http.AbstractHttpCommandCodec.encode(AbstractHttpCommandCodec.java:117)\r\n\tat org.openqa.selenium.remote.HttpCommandExecutor.execute(HttpCommandExecutor.java:152)\r\n\tat org.openqa.selenium.remote.service.DriverCommandExecutor.execute(DriverCommandExecutor.java:83)\r\n\tat org.openqa.selenium.remote.RemoteWebDriver.execute(RemoteWebDriver.java:552)\r\n\tat org.openqa.selenium.remote.RemoteWebDriver.perform(RemoteWebDriver.java:618)\r\n\tat org.openqa.selenium.interactions.Actions$BuiltAction.perform(Actions.java:639)\r\n\tat org.openqa.selenium.interactions.Actions.perform(Actions.java:595)\r\n\tat com.examples.TheInternetTests.uploadFile(TheInternetTests.java:100)\r\n\tat sun.reflect.NativeMethodAccessorImpl.invoke0(Native Method)\r\n\tat sun.reflect.NativeMethodAccessorImpl.invoke(NativeMethodAccessorImpl.java:62)\r\n\tat sun.reflect.DelegatingMethodAccessorImpl.invoke(DelegatingMethodAccessorImpl.java:43)\r\n\tat java.lang.reflect.Method.invoke(Method.java:498)\r\n\tat org.testng.internal.MethodInvocationHelper.invokeMethod(MethodInvocationHelper.java:124)\r\n\tat org.testng.internal.Invoker.invokeMethod(Invoker.java:583)\r\n\tat org.testng.internal.Invoker.invokeTestMethod(Invoker.java:719)\r\n\tat org.testng.internal.Invoker.invokeTestMethods(Invoker.java:989)\r\n\tat org.testng.internal.TestMethodWorker.invokeTestMethods(TestMethodWorker.java:125)\r\n\tat org.testng.internal.TestMethodWorker.run(TestMethodWorker.java:109)\r\n\tat org.testng.TestRunner.privateRun(TestRunner.java:648)\r\n\tat org.testng.TestRunner.run(TestRunner.java:505)\r\n\tat org.testng.SuiteRunner.runTest(SuiteRunner.java:455)\r\n\tat org.testng.SuiteRunner.runSequentially(SuiteRunner.java:450)\r\n\tat org.testng.SuiteRunner.privateRun(SuiteRunner.java:415)\r\n\tat org.testng.SuiteRunner.run(SuiteRunner.java:364)\r\n\tat org.testng.SuiteRunnerWorker.runSuite(SuiteRunnerWorker.java:52)\r\n\tat org.testng.SuiteRunnerWorker.run(SuiteRunnerWorker.java:84)\r\n\tat org.testng.TestNG.runSuitesSequentially(TestNG.java:1208)\r\n\tat org.testng.TestNG.runSuitesLocally(TestNG.java:1137)\r\n\tat org.testng.TestNG.runSuites(TestNG.java:1049)\r\n\tat org.testng.TestNG.run(TestNG.java:1017)\r\n\tat com.intellij.rt.testng.IDEARemoteTestNG.run(IDEARemoteTestNG.java:66)\r\n\tat com.intellij.rt.testng.RemoteTestNGStarter.main(RemoteTestNGStarter.java:109)\r\n\tSuppressed: org.openqa.selenium.json.JsonException: Attempting to close incomplete json stream\nBuild info: version: '3.141.59', revision: 'e82be7d358', time: '2018-11-14T08:17:03'\nSystem info: host: 'DESKTOP-O1333EE', ip: '10.0.0.251', os.name: 'Windows 10', os.arch: 'amd64', os.version: '10.0', java.version: '1.8.0_261'\nDriver info: driver.version: RemoteWebDriver\r\n\t\tat org.openqa.selenium.json.JsonOutput.close(JsonOutput.java:279)\r\n\t\tat org.openqa.selenium.json.Json.toJson(Json.java:44)\r\n\t\t... 33 more\r\nCaused by: java.lang.reflect.InvocationTargetException\r\n\tat sun.reflect.NativeMethodAccessorImpl.invoke0(Native Method)\r\n\tat sun.reflect.NativeMethodAccessorImpl.invoke(NativeMethodAccessorImpl.java:62)\r\n\tat sun.reflect.DelegatingMethodAccessorImpl.invoke(DelegatingMethodAccessorImpl.java:43)\r\n\tat java.lang.reflect.Method.invoke(Method.java:498)\r\n\tat org.openqa.selenium.json.JsonOutput.convertUsingMethod(JsonOutput.java:328)\r\n\t... 45 more\r\nCaused by: org.openqa.selenium.InvalidSelectorException: invalid selector: An invalid or illegal selector was specified\n  (Session info: chrome=85.0.4183.121)\nFor documentation on this error, please visit: https://www.seleniumhq.org/exceptions/invalid_selector_exception.html\nBuild info: version: '3.141.59', revision: 'e82be7d358', time: '2018-11-14T08:17:03'\nSystem info: host: 'DESKTOP-O1333EE', ip: '10.0.0.251', os.name: 'Windows 10', os.arch: 'amd64', os.version: '10.0', java.version: '1.8.0_261'\nDriver info: org.openqa.selenium.chrome.ChromeDriver\nCapabilities {acceptInsecureCerts: true, browserName: chrome, browserVersion: 85.0.4183.121, chrome: {chromedriverVersion: 85.0.4183.87 (cd6713ebf92fa..., userDataDir: C:\\Users\\Tatsiana\\AppData\\L...}, goog:chromeOptions: {debuggerAddress: localhost:1717}, javascriptEnabled: true, networkConnectionEnabled: false, pageLoadStrategy: normal, platform: WINDOWS, platformName: WINDOWS, proxy: Proxy(), setWindowRect: true, strictFileInteractability: false, timeouts: {implicit: 0, pageLoad: 300000, script: 30000}, unhandledPromptBehavior: dismiss and notify, webauthn:virtualAuthenticators: true}\nSession ID: 5c1e2e57dfa9bcb5e3878712b7d1e2c5\n*** Element info: {Using=css selector, value=#drag-drop-upload'}\r\n\tat sun.reflect.NativeConstructorAccessorImpl.newInstance0(Native Method)\r\n\tat sun.reflect.NativeConstructorAccessorImpl.newInstance(NativeConstructorAccessorImpl.java:62)\r\n\tat sun.reflect.DelegatingConstructorAccessorImpl.newInstance(DelegatingConstructorAccessorImpl.java:45)\r\n\tat java.lang.reflect.Constructor.newInstance(Constructor.java:423)\r\n\tat org.openqa.selenium.remote.http.W3CHttpResponseCodec.createException(W3CHttpResponseCodec.java:187)\r\n\tat org.openqa.selenium.remote.http.W3CHttpResponseCodec.decode(W3CHttpResponseCodec.java:122)\r\n\tat org.openqa.selenium.remote.http.W3CHttpResponseCodec.decode(W3CHttpResponseCodec.java:49)\r\n\tat org.openqa.selenium.remote.HttpCommandExecutor.execute(HttpCommandExecutor.java:158)\r\n\tat org.openqa.selenium.remote.service.DriverCommandExecutor.execute(DriverCommandExecutor.java:83)\r\n\tat org.openqa.selenium.remote.RemoteWebDriver.execute(RemoteWebDriver.java:552)\r\n\tat org.openqa.selenium.remote.RemoteWebDriver.findElement(RemoteWebDriver.java:323)\r\n\tat org.openqa.selenium.remote.RemoteWebDriver.findElementByCssSelector(RemoteWebDriver.java:420)\r\n\tat org.openqa.selenium.By$ByCssSelector.findElement(By.java:431)\r\n\tat org.openqa.selenium.remote.RemoteWebDriver.findElement(RemoteWebDriver.java:315)\r\n\tat com.codeborne.selenide.impl.WebElementSelector.findElement(WebElementSelector.java:65)\r\n\tat com.codeborne.selenide.impl.WebElementSelector.findElement(WebElementSelector.java:40)\r\n\tat com.codeborne.selenide.impl.ElementFinder.getWebElement(ElementFinder.java:101)\r\n\tat com.codeborne.selenide.commands.GetWrappedElement.execute(GetWrappedElement.java:19)\r\n\tat com.codeborne.selenide.commands.GetWrappedElement.execute(GetWrappedElement.java:13)\r\n\tat com.codeborne.selenide.commands.Commands.execute(Commands.java:152)\r\n\tat com.codeborne.selenide.impl.SelenideElementProxy.dispatchAndRetry(SelenideElementProxy.java:104)\r\n\tat com.codeborne.selenide.impl.SelenideElementProxy.invoke(SelenideElementProxy.java:70)\r\n\tat com.sun.proxy.$Proxy3.getWrappedElement(Unknown Source)\r\n\tat org.openqa.selenium.interactions.PointerInput$Origin.asArg(PointerInput.java:204)\r\n\tat org.openqa.selenium.interactions.PointerInput$Move.encode(PointerInput.java:155)\r\n\tat org.openqa.selenium.interactions.Sequence.encode(Sequence.java:75)\r\n\tat org.openqa.selenium.interactions.Sequence.toJson(Sequence.java:84)\r\n\t... 50 more\r\n"},"stage":"finished","steps":[],"attachments":[],"parameters":[],"start":1601980401567,"stop":1601980424614,"uuid":"551a17ed-3e3c-4aba-9001-9ac37b63776b","historyId":"e5c93b012b496011d0db2bd44438931a","fullName":"com.examples.TheInternetTests.uploadFile","labels":[{"name":"package","value":"com.examples.TheInternetTests"},{"name":"testClass","value":"com.examples.TheInternetTests"},{"name":"testMethod","value":"uploadFile"},{"name":"parentSuite","value":"Default Suite"},{"name":"suite","value":"CollectionTask"},{"name":"subSuite","value":"com.examples.TheInternetTests"},{"name":"host","value":"DESKTOP-O1333EE"},{"name":"thread","value":"24664@DESKTOP-O1333EE.main(1)"},{"name":"framework","value":"testng"},{"name":"language","value":"java"}],"links":[]}